{"/Users/Basham/projects/demos/fitness-tracker-demo/src/components/Footer.jsx": {"path":"/Users/Basham/projects/demos/fitness-tracker-demo/src/components/Footer.jsx","statementMap":{"0":{"start":{"line":4,"column":2},"end":{"line":4,"column":59}}},"fnMap":{"0":{"name":"Footer","decl":{"start":{"line":3,"column":24},"end":{"line":3,"column":30}},"loc":{"start":{"line":3,"column":33},"end":{"line":5,"column":1}},"line":3}},"branchMap":{},"s":{"0":1},"f":{"0":1},"b":{},"_coverageSchema":"1a1c01bbd47fc00a2c39e90264f33305004495a9","hash":"47f6433981b6ef3f0261c3feadf806f456cfa7f8"}
,"/Users/Basham/projects/demos/fitness-tracker-demo/src/components/Header.jsx": {"path":"/Users/Basham/projects/demos/fitness-tracker-demo/src/components/Header.jsx","statementMap":{"0":{"start":{"line":3,"column":2},"end":{"line":7,"column":4}}},"fnMap":{"0":{"name":"Header","decl":{"start":{"line":2,"column":24},"end":{"line":2,"column":30}},"loc":{"start":{"line":2,"column":33},"end":{"line":8,"column":1}},"line":2}},"branchMap":{},"s":{"0":1},"f":{"0":1},"b":{},"_coverageSchema":"1a1c01bbd47fc00a2c39e90264f33305004495a9","hash":"75a7e38570ff89c8318e0e18521981641426b479"}
}
